<?xml version="1.0" encoding="UTF-8"?>
<!-- Generated by org.testng.reporters.JUnitXMLReporter -->
<testsuite ignored="0" hostname="LAPTOP-6V5G6Q8J" failures="0" tests="3" name="Default test" time="9.317" errors="0" timestamp="2025-01-09T21:44:25 IST">
  <testcase classname="Tests.IssueCreation" name="issueCreationTest" time="6.59"/>
  <testcase classname="Tests.IssueCreation" name="addAttachment" time="1.8"/>
  <testcase classname="Tests.IssueCreation" name="deleteIssue" time="0.803"/>
</testsuite> <!-- Default test -->
