<?xml version="1.0" encoding="UTF-8"?>
<testng-results ignored="0" total="3" passed="3" failed="0" skipped="0">
  <reporter-output>
  </reporter-output>
  <suite started-at="2025-01-09T21:44:16 IST" name="Default suite" finished-at="2025-01-09T21:44:25 IST" duration-ms="9317">
    <groups>
    </groups>
    <test started-at="2025-01-09T21:44:16 IST" name="Default test" finished-at="2025-01-09T21:44:25 IST" duration-ms="9317">
      <class name="Tests.IssueCreation">
        <test-method signature="issueCreationTest()[pri:0, instance:Tests.IssueCreation@8dbdac1]" started-at="2025-01-09T21:44:16 IST" name="issueCreationTest" finished-at="2025-01-09T21:44:23 IST" duration-ms="6590" status="PASS">
          <reporter-output>
          </reporter-output>
        </test-method> <!-- issueCreationTest -->
        <test-method signature="addAttachment()[pri:0, instance:Tests.IssueCreation@8dbdac1]" started-at="2025-01-09T21:44:23 IST" name="addAttachment" finished-at="2025-01-09T21:44:24 IST" depends-on-methods="Tests.IssueCreation.issueCreationTest" duration-ms="1800" status="PASS">
          <reporter-output>
          </reporter-output>
        </test-method> <!-- addAttachment -->
        <test-method signature="deleteIssue()[pri:0, instance:Tests.IssueCreation@8dbdac1]" started-at="2025-01-09T21:44:24 IST" name="deleteIssue" finished-at="2025-01-09T21:44:25 IST" depends-on-methods="Tests.IssueCreation.addAttachment" duration-ms="803" status="PASS">
          <reporter-output>
          </reporter-output>
        </test-method> <!-- deleteIssue -->
      </class> <!-- Tests.IssueCreation -->
    </test> <!-- Default test -->
  </suite> <!-- Default suite -->
</testng-results>
